<?xml version="1.0" encoding="UTF-8"?>
<!-- Generated by org.testng.reporters.JUnitReportReporter -->
<testsuite skipped="0" hostname="DESKTOP-U9QO90T" name="com.psc.testcases.T_1_LoginPageTest" tests="1" failures="0" timestamp="2019-11-23T19:25:27 IST" time="17.093" errors="0">
  <testcase name="loginTest" time="17.093" classname="com.psc.testcases.T_1_LoginPageTest"/>
</testsuite> <!-- com.psc.testcases.T_1_LoginPageTest -->
