<?xml version="1.0" encoding="UTF-8"?>
<!-- Generated by org.testng.reporters.JUnitReportReporter -->
<testsuite skipped="0" hostname="DESKTOP-U9QO90T" name="com.psc.testcases.T_2_HomePageTest" tests="4" failures="0" timestamp="2019-11-23T19:25:27 IST" time="100.473" errors="0">
  <testcase name="ValidatProductsTest" time="23.621" classname="com.psc.testcases.T_2_HomePageTest"/>
  <testcase name="ValidatProductsTest" time="25.069" classname="com.psc.testcases.T_2_HomePageTest"/>
  <testcase name="ValidatProductsTest" time="23.859" classname="com.psc.testcases.T_2_HomePageTest"/>
  <testcase name="ValidatProductsTest" time="27.924" classname="com.psc.testcases.T_2_HomePageTest"/>
</testsuite> <!-- com.psc.testcases.T_2_HomePageTest -->
