<?xml version="1.0" encoding="UTF-8"?>
<!-- Generated by org.testng.reporters.JUnitReportReporter -->
<testsuite skipped="0" hostname="DESKTOP-U9QO90T" name="com.psc.testcases.T_3_CustomerPageTest" tests="8" failures="0" timestamp="2019-11-18T21:49:30 IST" time="148.049" errors="0">
  <testcase name="VerifyHomePageCustomer" time="13.330" classname="com.psc.testcases.T_3_CustomerPageTest"/>
  <testcase name="ValidatCustomerTest" time="18.601" classname="com.psc.testcases.T_3_CustomerPageTest"/>
  <testcase name="ValidatAddressesTest" time="18.448" classname="com.psc.testcases.T_3_CustomerPageTest"/>
  <testcase name="ValidatGroupsTest" time="22.473" classname="com.psc.testcases.T_3_CustomerPageTest"/>
  <testcase name="ValidatShippingCartsTest" time="20.350" classname="com.psc.testcases.T_3_CustomerPageTest"/>
  <testcase name="ValidatCustomerServicesTest" time="17.622" classname="com.psc.testcases.T_3_CustomerPageTest"/>
  <testcase name="ValidatContactsTest" time="18.606" classname="com.psc.testcases.T_3_CustomerPageTest"/>
  <testcase name="validatTittlesTest" time="18.619" classname="com.psc.testcases.T_3_CustomerPageTest"/>
</testsuite> <!-- com.psc.testcases.T_3_CustomerPageTest -->
