<?xml version="1.0" encoding="UTF-8"?>
<!-- Generated by org.testng.reporters.JUnitReportReporter -->
<testsuite skipped="0" hostname="DESKTOP-U9QO90T" name="com.psc.testcases.T_4_OrdersPageTest" tests="7" failures="0" timestamp="2019-11-17T19:38:25 IST" time="129.847" errors="0">
  <testcase name="ValidatOrdersTest" time="18.801" classname="com.psc.testcases.T_4_OrdersPageTest"/>
  <testcase name="ValidatInvoicesTest" time="18.682" classname="com.psc.testcases.T_4_OrdersPageTest"/>
  <testcase name="ValidatMerchandiseReturnsTest" time="18.097" classname="com.psc.testcases.T_4_OrdersPageTest"/>
  <testcase name="ValidatDeliverySlipsTest" time="18.821" classname="com.psc.testcases.T_4_OrdersPageTest"/>
  <testcase name="ValidatCreditSlipsTest" time="18.552" classname="com.psc.testcases.T_4_OrdersPageTest"/>
  <testcase name="ValidatStatusesTest" time="18.674" classname="com.psc.testcases.T_4_OrdersPageTest"/>
  <testcase name="ValidatOrderMessagesTest" time="18.220" classname="com.psc.testcases.T_4_OrdersPageTest"/>
</testsuite> <!-- com.psc.testcases.T_4_OrdersPageTest -->
