<?xml version="1.0" encoding="UTF-8"?>
<!-- Generated by org.testng.reporters.JUnitReportReporter -->
<testsuite skipped="0" hostname="DESKTOP-U9QO90T" name="com.psc.testcases.T_5_PaymentShippingTest" tests="8" failures="0" timestamp="2019-12-18T17:26:58 IST" time="231.931" errors="0">
  <testcase name="ValidatModulesServicesTest" time="27.012" classname="com.psc.testcases.T_5_PaymentShippingTest"/>
  <testcase name="ValidatModules_ThemesCatalogTest" time="49.774" classname="com.psc.testcases.T_5_PaymentShippingTest"/>
  <testcase name="ValidatPositionsTest" time="40.363" classname="com.psc.testcases.T_5_PaymentShippingTest"/>
  <testcase name="ValidatPaymentTest" time="24.212" classname="com.psc.testcases.T_5_PaymentShippingTest"/>
  <testcase name="ValidatAdminCarriersTest" time="21.694" classname="com.psc.testcases.T_5_PaymentShippingTest"/>
  <testcase name="ValidatPreferences" time="23.521" classname="com.psc.testcases.T_5_PaymentShippingTest"/>
  <testcase name="ValidatMyshop" time="17.905" classname="com.psc.testcases.T_5_PaymentShippingTest"/>
  <testcase name="CalenderPage" time="27.450" classname="com.psc.testcases.T_5_PaymentShippingTest"/>
</testsuite> <!-- com.psc.testcases.T_5_PaymentShippingTest -->
