<?xml version="1.0" encoding="UTF-8"?>
<!-- Generated by org.testng.reporters.JUnitReportReporter -->
<testsuite skipped="0" hostname="DESKTOP-U9QO90T" name="com.psc.testcases.HomePageTest" tests="8" failures="0" timestamp="2019-11-16T17:07:58 IST" time="159.055" errors="0">
  <testcase name="VerifyHomePageCustomer" time="14.520" classname="com.psc.testcases.HomePageTest"/>
  <testcase name="ValidatCustomerTest" time="26.504" classname="com.psc.testcases.HomePageTest"/>
  <testcase name="ValidatAddressesTest" time="19.407" classname="com.psc.testcases.HomePageTest"/>
  <testcase name="ValidatGroupsTest" time="19.783" classname="com.psc.testcases.HomePageTest"/>
  <testcase name="ValidatShippingCartsTest" time="19.588" classname="com.psc.testcases.HomePageTest"/>
  <testcase name="ValidatCustomerServicesTest" time="19.518" classname="com.psc.testcases.HomePageTest"/>
  <testcase name="ValidatContactsTest" time="19.710" classname="com.psc.testcases.HomePageTest"/>
  <testcase name="validatTittlesTest" time="20.025" classname="com.psc.testcases.HomePageTest"/>
</testsuite> <!-- com.psc.testcases.HomePageTest -->
