<?xml version="1.0" encoding="UTF-8"?>
<!-- Generated by org.testng.reporters.JUnitReportReporter -->
<testsuite skipped="0" hostname="DESKTOP-U9QO90T" name="com.psc.testcases.LoginPageTest" tests="3" failures="0" timestamp="2019-11-16T17:07:58 IST" time="49.189" errors="0">
  <testcase name="loginPageTitleTest" time="16.041" classname="com.psc.testcases.LoginPageTest"/>
  <testcase name="crmLogoImageTest" time="16.290" classname="com.psc.testcases.LoginPageTest"/>
  <testcase name="loginTest" time="16.858" classname="com.psc.testcases.LoginPageTest"/>
</testsuite> <!-- com.psc.testcases.LoginPageTest -->
