<?xml version="1.0" encoding="UTF-8"?>
<!-- Generated by org.testng.reporters.JUnitReportReporter -->
<testsuite skipped="0" hostname="DESKTOP-U9QO90T" name="com.psc.testcases.T_6_CalenderTest" tests="1" failures="0" timestamp="2019-11-28T18:58:03 IST" time="29.048" errors="0">
  <testcase name="ValidatCalenderTest" time="29.048" classname="com.psc.testcases.T_6_CalenderTest"/>
</testsuite> <!-- com.psc.testcases.T_6_CalenderTest -->
